2024-12-23 15:40:45,744 [INFO] RtosManager:922 - Current active RTOS is THREADX [Cortex-M0+NS]
2024-12-23 15:40:46,271 [WARN] IP:2251 - TX_ENABLE_RANDOM_NUMBER_STACK_FILLING not found: check if there is a RefParameter without a condition.
2024-12-23 15:40:46,276 [WARN] IP:2251 - TX_APP_CREATION not found: check if there is a RefParameter without a condition.
2024-12-23 15:40:46,276 [WARN] IP:2251 - TX_APP_THREAD_ENTRY not found: check if there is a RefParameter without a condition.
2024-12-23 15:40:46,276 [WARN] IP:2251 - TX_APP_THREAD_NAME not found: check if there is a RefParameter without a condition.
2024-12-23 15:40:46,276 [WARN] IP:2251 - TX_APP_THREAD_PRIO not found: check if there is a RefParameter without a condition.
2024-12-23 15:40:46,276 [WARN] IP:2251 - TX_APP_STACK_SIZE not found: check if there is a RefParameter without a condition.
2024-12-23 15:40:46,277 [WARN] IP:2251 - TX_APP_SEM_CREATION not found: check if there is a RefParameter without a condition.
2024-12-23 15:40:46,277 [WARN] IP:2251 - TX_SEMAPHORE_NAME not found: check if there is a RefParameter without a condition.
2024-12-23 15:40:46,277 [WARN] IP:2251 - TX_SEMAPHORE_COUNT not found: check if there is a RefParameter without a condition.
2024-12-23 15:40:46,277 [WARN] IP:2251 - TX_APP_MUTEX_CREATION not found: check if there is a RefParameter without a condition.
2024-12-23 15:40:46,277 [WARN] IP:2251 - TX_MUTEX_NAME not found: check if there is a RefParameter without a condition.
2024-12-23 15:40:46,277 [WARN] IP:2251 - TX_MUTEX_INHERITANCE not found: check if there is a RefParameter without a condition.
2024-12-23 15:40:46,277 [WARN] IP:2251 - TX_APP_MSG_QUEUE_CREATION not found: check if there is a RefParameter without a condition.
2024-12-23 15:40:46,277 [WARN] IP:2251 - TX_MSG_QUEUE_NAME not found: check if there is a RefParameter without a condition.
2024-12-23 15:40:46,277 [WARN] IP:2251 - TX_MSG_SIZE_WORDS not found: check if there is a RefParameter without a condition.
2024-12-23 15:40:46,277 [WARN] IP:2251 - TX_NB_MSG not found: check if there is a RefParameter without a condition.
2024-12-23 15:40:46,278 [WARN] IP:2251 - TX_BASEPRI_VALUE not found: check if there is a RefParameter without a condition.
2024-12-23 15:40:46,278 [WARN] IP:2251 - TX_PORT_BASEPRI_VALUE not found: check if there is a RefParameter without a condition.
2024-12-23 15:40:46,305 [WARN] IP:2251 - REG_UX_DEVICE_HID_MOUSE not found: check if there is a RefParameter without a condition.
2024-12-23 15:40:46,305 [WARN] IP:2251 - REG_UX_DEVICE_HID_CUSTOM not found: check if there is a RefParameter without a condition.
2024-12-23 15:40:46,305 [WARN] IP:2251 - REG_UX_DEVICE_STORAGE not found: check if there is a RefParameter without a condition.
2024-12-23 15:40:46,305 [WARN] IP:2251 - REG_UX_DEVICE_CDC_ACM not found: check if there is a RefParameter without a condition.
2024-12-23 15:40:46,305 [WARN] IP:2251 - REG_UX_DEVICE_CDC_ECM not found: check if there is a RefParameter without a condition.
2024-12-23 15:40:46,305 [WARN] IP:2251 - REG_UX_DEVICE_DFU not found: check if there is a RefParameter without a condition.
2024-12-23 15:40:46,305 [WARN] IP:2251 - REG_UX_DEVICE_RNDIS not found: check if there is a RefParameter without a condition.
2024-12-23 15:40:46,305 [WARN] IP:2251 - REG_UX_DEVICE_PIMA_MTP not found: check if there is a RefParameter without a condition.
2024-12-23 15:40:46,306 [WARN] IP:2251 - REG_UX_DEVICE_VIDEO not found: check if there is a RefParameter without a condition.
2024-12-23 15:40:46,306 [WARN] IP:2251 - REG_UX_DEVICE_CCID not found: check if there is a RefParameter without a condition.
2024-12-23 15:40:46,306 [WARN] IP:2251 - REG_UX_DEVICE_PRINTER not found: check if there is a RefParameter without a condition.
2024-12-23 15:40:46,311 [WARN] IP:2251 - UX_DEVICE_CLASS_HID_ZERO_COPY not found: check if there is a RefParameter without a condition.
2024-12-23 15:40:46,322 [WARN] IP:2251 - REG_UX_DEVICE_HID_MOUSE not found: check if there is a RefParameter without a condition.
2024-12-23 15:40:46,322 [WARN] IP:2251 - REG_UX_DEVICE_HID_CUSTOM not found: check if there is a RefParameter without a condition.
2024-12-23 15:40:46,323 [WARN] IP:2251 - REG_UX_DEVICE_STORAGE not found: check if there is a RefParameter without a condition.
2024-12-23 15:40:46,323 [WARN] IP:2251 - REG_UX_DEVICE_CDC_ACM not found: check if there is a RefParameter without a condition.
2024-12-23 15:40:46,323 [WARN] IP:2251 - REG_UX_DEVICE_CDC_ECM not found: check if there is a RefParameter without a condition.
2024-12-23 15:40:46,323 [WARN] IP:2251 - REG_UX_DEVICE_DFU not found: check if there is a RefParameter without a condition.
2024-12-23 15:40:46,323 [WARN] IP:2251 - REG_UX_DEVICE_RNDIS not found: check if there is a RefParameter without a condition.
2024-12-23 15:40:46,323 [WARN] IP:2251 - REG_UX_DEVICE_PIMA_MTP not found: check if there is a RefParameter without a condition.
2024-12-23 15:40:46,323 [WARN] IP:2251 - REG_UX_DEVICE_VIDEO not found: check if there is a RefParameter without a condition.
2024-12-23 15:40:46,323 [WARN] IP:2251 - REG_UX_DEVICE_CCID not found: check if there is a RefParameter without a condition.
2024-12-23 15:40:46,323 [WARN] IP:2251 - REG_UX_DEVICE_PRINTER not found: check if there is a RefParameter without a condition.
2024-12-23 15:40:46,324 [WARN] IP:2251 - UX_DEVICE_CLASS_HID_ZERO_COPY not found: check if there is a RefParameter without a condition.
2024-12-23 15:40:47,724 [WARN] IpParametersView:154 - Warning: This peripheral hasn't parameters
2024-12-23 15:40:47,732 [WARN] IP:2251 - REG_UX_DEVICE_HID_MOUSE not found: check if there is a RefParameter without a condition.
2024-12-23 15:40:47,732 [WARN] IP:2251 - REG_UX_DEVICE_HID_CUSTOM not found: check if there is a RefParameter without a condition.
2024-12-23 15:40:47,733 [WARN] IP:2251 - REG_UX_DEVICE_STORAGE not found: check if there is a RefParameter without a condition.
2024-12-23 15:40:47,733 [WARN] IP:2251 - REG_UX_DEVICE_CDC_ACM not found: check if there is a RefParameter without a condition.
2024-12-23 15:40:47,733 [WARN] IP:2251 - REG_UX_DEVICE_CDC_ECM not found: check if there is a RefParameter without a condition.
2024-12-23 15:40:47,733 [WARN] IP:2251 - REG_UX_DEVICE_DFU not found: check if there is a RefParameter without a condition.
2024-12-23 15:40:47,733 [WARN] IP:2251 - REG_UX_DEVICE_RNDIS not found: check if there is a RefParameter without a condition.
2024-12-23 15:40:47,733 [WARN] IP:2251 - REG_UX_DEVICE_PIMA_MTP not found: check if there is a RefParameter without a condition.
2024-12-23 15:40:47,733 [WARN] IP:2251 - REG_UX_DEVICE_VIDEO not found: check if there is a RefParameter without a condition.
2024-12-23 15:40:47,733 [WARN] IP:2251 - REG_UX_DEVICE_CCID not found: check if there is a RefParameter without a condition.
2024-12-23 15:40:47,733 [WARN] IP:2251 - REG_UX_DEVICE_PRINTER not found: check if there is a RefParameter without a condition.
2024-12-23 15:40:47,734 [WARN] IP:2251 - UX_DEVICE_CLASS_HID_ZERO_COPY not found: check if there is a RefParameter without a condition.
2024-12-23 15:41:15,480 [INFO] UtilMem:75 - End SaveConfig() Used Memory: 317694264 Bytes (1048576000)
2024-12-23 15:41:16,091 [INFO] UtilMem:75 - End SaveConfig() Used Memory: 334997816 Bytes (1048576000)
2024-12-23 15:41:17,509 [ERROR] IocParser:95 - Exception caught: null
2024-12-23 15:41:17,535 [INFO] UtilMem:75 - End SaveConfig() Used Memory: 404726072 Bytes (1048576000)
2024-12-23 15:41:17,874 [ERROR] AdobePublisher:162 - Exception while opening the connection: java.net.ConnectException: Connection refused
2024-12-23 15:41:17,877 [ERROR] AdobePublisher:162 - Exception while opening the connection: java.net.ConnectException: Connection refused
2024-12-23 15:41:17,878 [ERROR] AdobePublisher:162 - Exception while opening the connection: java.net.ConnectException: Connection refused
2024-12-23 15:41:17,879 [ERROR] AdobePublisher:162 - Exception while opening the connection: java.net.ConnectException: Connection refused
2024-12-23 15:41:17,880 [ERROR] AdobePublisher:162 - Exception while opening the connection: java.net.ConnectException: Connection refused
2024-12-23 15:41:54,346 [WARN] IP:2251 - TX_ENABLE_RANDOM_NUMBER_STACK_FILLING not found: check if there is a RefParameter without a condition.
2024-12-23 15:41:54,348 [WARN] IP:2251 - TX_APP_CREATION not found: check if there is a RefParameter without a condition.
2024-12-23 15:41:54,348 [WARN] IP:2251 - TX_APP_THREAD_ENTRY not found: check if there is a RefParameter without a condition.
2024-12-23 15:41:54,348 [WARN] IP:2251 - TX_APP_THREAD_NAME not found: check if there is a RefParameter without a condition.
2024-12-23 15:41:54,348 [WARN] IP:2251 - TX_APP_THREAD_PRIO not found: check if there is a RefParameter without a condition.
2024-12-23 15:41:54,348 [WARN] IP:2251 - TX_APP_STACK_SIZE not found: check if there is a RefParameter without a condition.
2024-12-23 15:41:54,348 [WARN] IP:2251 - TX_APP_SEM_CREATION not found: check if there is a RefParameter without a condition.
2024-12-23 15:41:54,348 [WARN] IP:2251 - TX_SEMAPHORE_NAME not found: check if there is a RefParameter without a condition.
2024-12-23 15:41:54,348 [WARN] IP:2251 - TX_SEMAPHORE_COUNT not found: check if there is a RefParameter without a condition.
2024-12-23 15:41:54,348 [WARN] IP:2251 - TX_APP_MUTEX_CREATION not found: check if there is a RefParameter without a condition.
2024-12-23 15:41:54,348 [WARN] IP:2251 - TX_MUTEX_NAME not found: check if there is a RefParameter without a condition.
2024-12-23 15:41:54,348 [WARN] IP:2251 - TX_MUTEX_INHERITANCE not found: check if there is a RefParameter without a condition.
2024-12-23 15:41:54,348 [WARN] IP:2251 - TX_APP_MSG_QUEUE_CREATION not found: check if there is a RefParameter without a condition.
2024-12-23 15:41:54,348 [WARN] IP:2251 - TX_MSG_QUEUE_NAME not found: check if there is a RefParameter without a condition.
2024-12-23 15:41:54,348 [WARN] IP:2251 - TX_MSG_SIZE_WORDS not found: check if there is a RefParameter without a condition.
2024-12-23 15:41:54,348 [WARN] IP:2251 - TX_NB_MSG not found: check if there is a RefParameter without a condition.
2024-12-23 15:41:54,349 [WARN] IP:2251 - TX_BASEPRI_VALUE not found: check if there is a RefParameter without a condition.
2024-12-23 15:41:54,349 [WARN] IP:2251 - TX_PORT_BASEPRI_VALUE not found: check if there is a RefParameter without a condition.
2024-12-23 15:41:55,710 [INFO] RtosManager:933 - There is no active RTOS [Cortex-M0+NS]
2024-12-23 15:41:56,050 [WARN] IP:2251 - REG_UX_DEVICE_HID_MOUSE not found: check if there is a RefParameter without a condition.
2024-12-23 15:41:56,050 [WARN] IP:2251 - REG_UX_DEVICE_HID_CUSTOM not found: check if there is a RefParameter without a condition.
2024-12-23 15:41:56,050 [WARN] IP:2251 - REG_UX_DEVICE_STORAGE not found: check if there is a RefParameter without a condition.
2024-12-23 15:41:56,050 [WARN] IP:2251 - REG_UX_DEVICE_CDC_ACM not found: check if there is a RefParameter without a condition.
2024-12-23 15:41:56,050 [WARN] IP:2251 - REG_UX_DEVICE_CDC_ECM not found: check if there is a RefParameter without a condition.
2024-12-23 15:41:56,050 [WARN] IP:2251 - REG_UX_DEVICE_DFU not found: check if there is a RefParameter without a condition.
2024-12-23 15:41:56,050 [WARN] IP:2251 - REG_UX_DEVICE_RNDIS not found: check if there is a RefParameter without a condition.
2024-12-23 15:41:56,050 [WARN] IP:2251 - REG_UX_DEVICE_PIMA_MTP not found: check if there is a RefParameter without a condition.
2024-12-23 15:41:56,051 [WARN] IP:2251 - REG_UX_DEVICE_VIDEO not found: check if there is a RefParameter without a condition.
2024-12-23 15:41:56,051 [WARN] IP:2251 - REG_UX_DEVICE_CCID not found: check if there is a RefParameter without a condition.
2024-12-23 15:41:56,051 [WARN] IP:2251 - REG_UX_DEVICE_PRINTER not found: check if there is a RefParameter without a condition.
2024-12-23 15:41:56,051 [WARN] IP:2251 - UX_DEVICE_CLASS_HID_ZERO_COPY not found: check if there is a RefParameter without a condition.
2024-12-23 15:41:56,054 [WARN] IP:2251 - REG_UX_DEVICE_HID_MOUSE not found: check if there is a RefParameter without a condition.
2024-12-23 15:41:56,054 [WARN] IP:2251 - REG_UX_DEVICE_HID_CUSTOM not found: check if there is a RefParameter without a condition.
2024-12-23 15:41:56,054 [WARN] IP:2251 - REG_UX_DEVICE_STORAGE not found: check if there is a RefParameter without a condition.
2024-12-23 15:41:56,054 [WARN] IP:2251 - REG_UX_DEVICE_CDC_ACM not found: check if there is a RefParameter without a condition.
2024-12-23 15:41:56,054 [WARN] IP:2251 - REG_UX_DEVICE_CDC_ECM not found: check if there is a RefParameter without a condition.
2024-12-23 15:41:56,054 [WARN] IP:2251 - REG_UX_DEVICE_DFU not found: check if there is a RefParameter without a condition.
2024-12-23 15:41:56,054 [WARN] IP:2251 - REG_UX_DEVICE_RNDIS not found: check if there is a RefParameter without a condition.
2024-12-23 15:41:56,054 [WARN] IP:2251 - REG_UX_DEVICE_PIMA_MTP not found: check if there is a RefParameter without a condition.
2024-12-23 15:41:56,054 [WARN] IP:2251 - REG_UX_DEVICE_VIDEO not found: check if there is a RefParameter without a condition.
2024-12-23 15:41:56,054 [WARN] IP:2251 - REG_UX_DEVICE_CCID not found: check if there is a RefParameter without a condition.
2024-12-23 15:41:56,054 [WARN] IP:2251 - REG_UX_DEVICE_PRINTER not found: check if there is a RefParameter without a condition.
2024-12-23 15:41:56,055 [WARN] IP:2251 - UX_DEVICE_CLASS_HID_ZERO_COPY not found: check if there is a RefParameter without a condition.
2024-12-23 15:41:56,755 [WARN] IpParametersView:154 - Warning: This peripheral hasn't parameters
2024-12-23 15:41:56,758 [WARN] IP:2251 - REG_UX_DEVICE_HID_MOUSE not found: check if there is a RefParameter without a condition.
2024-12-23 15:41:56,759 [WARN] IP:2251 - REG_UX_DEVICE_HID_CUSTOM not found: check if there is a RefParameter without a condition.
2024-12-23 15:41:56,759 [WARN] IP:2251 - REG_UX_DEVICE_STORAGE not found: check if there is a RefParameter without a condition.
2024-12-23 15:41:56,759 [WARN] IP:2251 - REG_UX_DEVICE_CDC_ACM not found: check if there is a RefParameter without a condition.
2024-12-23 15:41:56,759 [WARN] IP:2251 - REG_UX_DEVICE_CDC_ECM not found: check if there is a RefParameter without a condition.
2024-12-23 15:41:56,759 [WARN] IP:2251 - REG_UX_DEVICE_DFU not found: check if there is a RefParameter without a condition.
2024-12-23 15:41:56,759 [WARN] IP:2251 - REG_UX_DEVICE_RNDIS not found: check if there is a RefParameter without a condition.
2024-12-23 15:41:56,759 [WARN] IP:2251 - REG_UX_DEVICE_PIMA_MTP not found: check if there is a RefParameter without a condition.
2024-12-23 15:41:56,759 [WARN] IP:2251 - REG_UX_DEVICE_VIDEO not found: check if there is a RefParameter without a condition.
2024-12-23 15:41:56,759 [WARN] IP:2251 - REG_UX_DEVICE_CCID not found: check if there is a RefParameter without a condition.
2024-12-23 15:41:56,759 [WARN] IP:2251 - REG_UX_DEVICE_PRINTER not found: check if there is a RefParameter without a condition.
2024-12-23 15:41:56,759 [WARN] IP:2251 - UX_DEVICE_CLASS_HID_ZERO_COPY not found: check if there is a RefParameter without a condition.
2024-12-23 15:42:01,133 [INFO] UtilMem:75 - End SaveConfig() Used Memory: 847225144 Bytes (1048576000)
2024-12-23 15:42:01,421 [INFO] UtilMem:75 - End SaveConfig() Used Memory: 865050936 Bytes (1048576000)
2024-12-23 15:42:01,731 [INFO] UtilMem:75 - End SaveConfig() Used Memory: 886022456 Bytes (1048576000)
2024-12-23 15:42:01,990 [INFO] BlockDiagram:2766 - set Specific Code input for plugin: NVIC
2024-12-23 15:42:01,991 [INFO] BlockDiagram:2766 - set Specific Code input for plugin: USART
2024-12-23 15:42:01,991 [INFO] BlockDiagram:2766 - set Specific Code input for plugin: USBX
2024-12-23 15:42:01,991 [INFO] BlockDiagram:2766 - set Specific Code input for plugin: NUCLEO-C071RB
2024-12-23 15:42:01,991 [INFO] BlockDiagram:2766 - set Specific Code input for plugin: USB
2024-12-23 15:42:01,991 [INFO] BlockDiagram:2766 - set Specific Code input for plugin: SYS
2024-12-23 15:42:01,991 [INFO] BlockDiagram:2766 - set Specific Code input for plugin: DEBUG
2024-12-23 15:42:01,991 [INFO] BlockDiagram:2766 - set Specific Code input for plugin: GPIO
2024-12-23 15:42:01,991 [INFO] BlockDiagram:2766 - set Specific Code input for plugin: RCC
2024-12-23 15:42:01,992 [INFO] CodeGenerator:896 - code generatio: config db path: /Applications/STM32CubeIDE.app/Contents/Eclipse/plugins/com.st.stm32cube.common.mx_6.13.0.202411220809//db/
2024-12-23 15:42:02,019 [WARN] IP:2251 - REG_UX_DEVICE_HID_MOUSE not found: check if there is a RefParameter without a condition.
2024-12-23 15:42:02,019 [WARN] IP:2251 - REG_UX_DEVICE_HID_CUSTOM not found: check if there is a RefParameter without a condition.
2024-12-23 15:42:02,019 [WARN] IP:2251 - REG_UX_DEVICE_STORAGE not found: check if there is a RefParameter without a condition.
2024-12-23 15:42:02,019 [WARN] IP:2251 - REG_UX_DEVICE_CDC_ACM not found: check if there is a RefParameter without a condition.
2024-12-23 15:42:02,019 [WARN] IP:2251 - REG_UX_DEVICE_CDC_ECM not found: check if there is a RefParameter without a condition.
2024-12-23 15:42:02,019 [WARN] IP:2251 - REG_UX_DEVICE_DFU not found: check if there is a RefParameter without a condition.
2024-12-23 15:42:02,019 [WARN] IP:2251 - REG_UX_DEVICE_RNDIS not found: check if there is a RefParameter without a condition.
2024-12-23 15:42:02,019 [WARN] IP:2251 - REG_UX_DEVICE_PIMA_MTP not found: check if there is a RefParameter without a condition.
2024-12-23 15:42:02,019 [WARN] IP:2251 - REG_UX_DEVICE_VIDEO not found: check if there is a RefParameter without a condition.
2024-12-23 15:42:02,019 [WARN] IP:2251 - REG_UX_DEVICE_CCID not found: check if there is a RefParameter without a condition.
2024-12-23 15:42:02,019 [WARN] IP:2251 - REG_UX_DEVICE_PRINTER not found: check if there is a RefParameter without a condition.
2024-12-23 15:42:02,019 [WARN] IP:2251 - UX_DEVICE_CLASS_HID_ZERO_COPY not found: check if there is a RefParameter without a condition.
2024-12-23 15:42:02,166 [INFO] CodeEngine:255 - oldGeneratedFile, /Users/mae/STM32CubeIDE/workspace_1.17.0/The Buttoner/MXTmpFiles/license.tmp_save
2024-12-23 15:42:02,539 [ERROR] IocParser:95 - Exception caught: null
2024-12-23 15:42:02,543 [INFO] CodeEngine:279 - Generated code: /Users/mae/STM32CubeIDE/workspace_1.17.0/The Buttoner/MXTmpFiles/license.tmp
2024-12-23 15:42:02,671 [INFO] CodeEngine:255 - oldGeneratedFile, /Users/mae/STM32CubeIDE/workspace_1.17.0/The Buttoner/MXTmpFiles/gpio.tmp_save
2024-12-23 15:42:02,858 [INFO] CodeEngine:279 - Generated code: /Users/mae/STM32CubeIDE/workspace_1.17.0/The Buttoner/MXTmpFiles/gpio.tmp
2024-12-23 15:42:02,992 [WARN] IPConfigManager:98 - WARNING: Missing Config File for DEBUG ip!!
2024-12-23 15:42:03,659 [WARN] IP:2251 - REG_UX_DEVICE_HID_MOUSE not found: check if there is a RefParameter without a condition.
2024-12-23 15:42:03,659 [WARN] IP:2251 - REG_UX_DEVICE_HID_CUSTOM not found: check if there is a RefParameter without a condition.
2024-12-23 15:42:03,659 [WARN] IP:2251 - REG_UX_DEVICE_STORAGE not found: check if there is a RefParameter without a condition.
2024-12-23 15:42:03,659 [WARN] IP:2251 - REG_UX_DEVICE_CDC_ACM not found: check if there is a RefParameter without a condition.
2024-12-23 15:42:03,659 [WARN] IP:2251 - REG_UX_DEVICE_CDC_ECM not found: check if there is a RefParameter without a condition.
2024-12-23 15:42:03,659 [WARN] IP:2251 - REG_UX_DEVICE_DFU not found: check if there is a RefParameter without a condition.
2024-12-23 15:42:03,659 [WARN] IP:2251 - REG_UX_DEVICE_RNDIS not found: check if there is a RefParameter without a condition.
2024-12-23 15:42:03,659 [WARN] IP:2251 - REG_UX_DEVICE_PIMA_MTP not found: check if there is a RefParameter without a condition.
2024-12-23 15:42:03,660 [WARN] IP:2251 - REG_UX_DEVICE_VIDEO not found: check if there is a RefParameter without a condition.
2024-12-23 15:42:03,660 [WARN] IP:2251 - REG_UX_DEVICE_CCID not found: check if there is a RefParameter without a condition.
2024-12-23 15:42:03,660 [WARN] IP:2251 - REG_UX_DEVICE_PRINTER not found: check if there is a RefParameter without a condition.
2024-12-23 15:42:03,660 [WARN] IP:2251 - UX_DEVICE_CLASS_HID_ZERO_COPY not found: check if there is a RefParameter without a condition.
2024-12-23 15:42:03,796 [INFO] Middleware:1450 - No code input for Bsp Dependency
2024-12-23 15:42:03,841 [INFO] Middleware:1450 - No code input for Bsp Dependency
2024-12-23 15:42:03,860 [INFO] Middleware:1450 - No code input for Bsp Dependency
2024-12-23 15:42:03,892 [INFO] Middleware:1450 - No code input for Bsp Dependency
2024-12-23 15:42:03,898 [INFO] CodeEngine:255 - oldGeneratedFile, /Users/mae/STM32CubeIDE/workspace_1.17.0/The Buttoner/MXTmpFiles/cortex.tmp_save
2024-12-23 15:42:04,125 [INFO] CodeEngine:279 - Generated code: /Users/mae/STM32CubeIDE/workspace_1.17.0/The Buttoner/MXTmpFiles/cortex.tmp
2024-12-23 15:42:04,191 [INFO] CodeEngine:255 - oldGeneratedFile, /Users/mae/STM32CubeIDE/workspace_1.17.0/The Buttoner/Core/Inc/stm32c0xx_nucleo_conf.h_save
2024-12-23 15:42:04,384 [INFO] CodeEngine:279 - Generated code: /Users/mae/STM32CubeIDE/workspace_1.17.0/The Buttoner/Core/Inc/stm32c0xx_nucleo_conf.h
2024-12-23 15:42:04,391 [INFO] CodeEngine:255 - oldGeneratedFile, /Users/mae/STM32CubeIDE/workspace_1.17.0/The Buttoner/MXTmpFiles/bsp_inc.tmp_save
2024-12-23 15:42:04,555 [INFO] CodeEngine:279 - Generated code: /Users/mae/STM32CubeIDE/workspace_1.17.0/The Buttoner/MXTmpFiles/bsp_inc.tmp
2024-12-23 15:42:04,558 [INFO] CodeEngine:255 - oldGeneratedFile, /Users/mae/STM32CubeIDE/workspace_1.17.0/The Buttoner/MXTmpFiles/bsp_common_vars.tmp_save
2024-12-23 15:42:04,637 [INFO] CodeEngine:279 - Generated code: /Users/mae/STM32CubeIDE/workspace_1.17.0/The Buttoner/MXTmpFiles/bsp_common_vars.tmp
2024-12-23 15:42:04,639 [INFO] CodeEngine:255 - oldGeneratedFile, /Users/mae/STM32CubeIDE/workspace_1.17.0/The Buttoner/MXTmpFiles/bsp_common_init.tmp_save
2024-12-23 15:42:04,735 [INFO] CodeEngine:279 - Generated code: /Users/mae/STM32CubeIDE/workspace_1.17.0/The Buttoner/MXTmpFiles/bsp_common_init.tmp
2024-12-23 15:42:04,737 [INFO] CodeEngine:255 - oldGeneratedFile, /Users/mae/STM32CubeIDE/workspace_1.17.0/The Buttoner/MXTmpFiles/bsp_common_demo_before_while.tmp_save
2024-12-23 15:42:04,810 [INFO] CodeEngine:279 - Generated code: /Users/mae/STM32CubeIDE/workspace_1.17.0/The Buttoner/MXTmpFiles/bsp_common_demo_before_while.tmp
2024-12-23 15:42:04,812 [INFO] CodeEngine:255 - oldGeneratedFile, /Users/mae/STM32CubeIDE/workspace_1.17.0/The Buttoner/MXTmpFiles/bsp_common_demo_inside_while.tmp_save
2024-12-23 15:42:04,881 [INFO] CodeEngine:279 - Generated code: /Users/mae/STM32CubeIDE/workspace_1.17.0/The Buttoner/MXTmpFiles/bsp_common_demo_inside_while.tmp
2024-12-23 15:42:04,883 [INFO] CodeEngine:255 - oldGeneratedFile, /Users/mae/STM32CubeIDE/workspace_1.17.0/The Buttoner/MXTmpFiles/bsp_common_demo_fct.tmp_save
2024-12-23 15:42:04,936 [INFO] CodeEngine:279 - Generated code: /Users/mae/STM32CubeIDE/workspace_1.17.0/The Buttoner/MXTmpFiles/bsp_common_demo_fct.tmp
2024-12-23 15:42:05,021 [INFO] Middleware:1450 - No code input for Bsp Dependency
2024-12-23 15:42:05,033 [INFO] Middleware:1450 - No code input for Bsp Dependency
2024-12-23 15:42:05,049 [INFO] Middleware:1450 - No code input for Bsp Dependency
2024-12-23 15:42:05,060 [INFO] Middleware:1450 - No code input for Bsp Dependency
2024-12-23 15:42:05,070 [INFO] CodeEngine:255 - oldGeneratedFile, /Users/mae/STM32CubeIDE/workspace_1.17.0/The Buttoner/USBX/App/ux_user.h_save
2024-12-23 15:42:05,217 [INFO] CodeEngine:279 - Generated code: /Users/mae/STM32CubeIDE/workspace_1.17.0/The Buttoner/USBX/App/ux_user.h
2024-12-23 15:42:05,220 [INFO] CodeEngine:255 - oldGeneratedFile, /Users/mae/STM32CubeIDE/workspace_1.17.0/The Buttoner/USBX/Target/ux_stm32_config.h_save
2024-12-23 15:42:05,283 [INFO] CodeEngine:279 - Generated code: /Users/mae/STM32CubeIDE/workspace_1.17.0/The Buttoner/USBX/Target/ux_stm32_config.h
2024-12-23 15:42:05,286 [INFO] CodeEngine:255 - oldGeneratedFile, /Users/mae/STM32CubeIDE/workspace_1.17.0/The Buttoner/USBX/App/ux_device_descriptors.c_save
2024-12-23 15:42:05,391 [INFO] CodeEngine:279 - Generated code: /Users/mae/STM32CubeIDE/workspace_1.17.0/The Buttoner/USBX/App/ux_device_descriptors.c
2024-12-23 15:42:05,393 [INFO] CodeEngine:255 - oldGeneratedFile, /Users/mae/STM32CubeIDE/workspace_1.17.0/The Buttoner/USBX/App/ux_device_descriptors.h_save
2024-12-23 15:42:05,515 [INFO] CodeEngine:279 - Generated code: /Users/mae/STM32CubeIDE/workspace_1.17.0/The Buttoner/USBX/App/ux_device_descriptors.h
2024-12-23 15:42:05,518 [INFO] CodeEngine:255 - oldGeneratedFile, /Users/mae/STM32CubeIDE/workspace_1.17.0/The Buttoner/USBX/App/app_usbx_device.c_save
2024-12-23 15:42:05,593 [INFO] CodeEngine:279 - Generated code: /Users/mae/STM32CubeIDE/workspace_1.17.0/The Buttoner/USBX/App/app_usbx_device.c
2024-12-23 15:42:05,595 [INFO] CodeEngine:255 - oldGeneratedFile, /Users/mae/STM32CubeIDE/workspace_1.17.0/The Buttoner/USBX/App/app_usbx_device.h_save
2024-12-23 15:42:05,659 [INFO] CodeEngine:279 - Generated code: /Users/mae/STM32CubeIDE/workspace_1.17.0/The Buttoner/USBX/App/app_usbx_device.h
2024-12-23 15:42:05,661 [INFO] CodeEngine:255 - oldGeneratedFile, /Users/mae/STM32CubeIDE/workspace_1.17.0/The Buttoner/USBX/App/ux_device_keyboard.c_save
2024-12-23 15:42:05,717 [INFO] CodeEngine:279 - Generated code: /Users/mae/STM32CubeIDE/workspace_1.17.0/The Buttoner/USBX/App/ux_device_keyboard.c
2024-12-23 15:42:05,719 [INFO] CodeEngine:255 - oldGeneratedFile, /Users/mae/STM32CubeIDE/workspace_1.17.0/The Buttoner/USBX/App/ux_device_keyboard.h_save
2024-12-23 15:42:05,770 [INFO] CodeEngine:279 - Generated code: /Users/mae/STM32CubeIDE/workspace_1.17.0/The Buttoner/USBX/App/ux_device_keyboard.h
2024-12-23 15:42:05,775 [INFO] CodeEngine:255 - oldGeneratedFile, /Users/mae/STM32CubeIDE/workspace_1.17.0/The Buttoner/Core/Src/stm32c0xx_it.c_save
2024-12-23 15:42:06,015 [INFO] CodeEngine:279 - Generated code: /Users/mae/STM32CubeIDE/workspace_1.17.0/The Buttoner/Core/Src/stm32c0xx_it.c
2024-12-23 15:42:06,018 [INFO] CodeEngine:255 - oldGeneratedFile, /Users/mae/STM32CubeIDE/workspace_1.17.0/The Buttoner/Core/Inc/stm32c0xx_it.h_save
2024-12-23 15:42:06,078 [INFO] CodeEngine:279 - Generated code: /Users/mae/STM32CubeIDE/workspace_1.17.0/The Buttoner/Core/Inc/stm32c0xx_it.h
2024-12-23 15:42:06,213 [INFO] CodeEngine:255 - oldGeneratedFile, /Users/mae/STM32CubeIDE/workspace_1.17.0/The Buttoner/Core/Src/stm32c0xx_hal_msp.c_save
2024-12-23 15:42:06,343 [INFO] CodeEngine:279 - Generated code: /Users/mae/STM32CubeIDE/workspace_1.17.0/The Buttoner/Core/Src/stm32c0xx_hal_msp.c
2024-12-23 15:42:06,345 [INFO] CodeEngine:255 - oldGeneratedFile, /Users/mae/STM32CubeIDE/workspace_1.17.0/The Buttoner/MXTmpFiles/system.tmp_save
2024-12-23 15:42:06,399 [INFO] CodeEngine:279 - Generated code: /Users/mae/STM32CubeIDE/workspace_1.17.0/The Buttoner/MXTmpFiles/system.tmp
2024-12-23 15:42:06,406 [INFO] CodeEngine:311 - oldGeneratedFile, /Users/mae/STM32CubeIDE/workspace_1.17.0/The Buttoner/Core/Inc/stm32c0xx_hal_conf.h_save
2024-12-23 15:42:06,461 [INFO] CodeEngine:335 - Generated code: /Users/mae/STM32CubeIDE/workspace_1.17.0/The Buttoner/Core/Inc/stm32c0xx_hal_conf.h
2024-12-23 15:42:06,482 [WARN] IPConfigManager:3034 - Warning: the RefConfig RCC_PClockConfig is not available in your config.xml file
2024-12-23 15:42:06,482 [WARN] IPConfigManager:3034 - Warning: the RefConfig RCC_interrupt_Time_SYSTICK_Config is not available in your config.xml file
2024-12-23 15:42:06,499 [INFO] IPConfigManager:3366 - usbx____________com.st.microxplorer.mcu.Middleware@4b8554c4
2024-12-23 15:42:06,500 [INFO] IPConfigManager:3369 - selectedModeNamesx____________[Core_System:true, UX_Device_CoreStack_FS:true, UX_Device_class_HID_CORE_FS:true, UX_Device_class_HID_KEYBOARD_FS:true]
2024-12-23 15:42:06,510 [INFO] CodeEngine:255 - oldGeneratedFile, /Users/mae/STM32CubeIDE/workspace_1.17.0/The Buttoner/Core/Inc/main.h_save
2024-12-23 15:42:06,629 [INFO] CodeEngine:279 - Generated code: /Users/mae/STM32CubeIDE/workspace_1.17.0/The Buttoner/Core/Inc/main.h
2024-12-23 15:42:06,631 [INFO] CodeEngine:255 - oldGeneratedFile, /Users/mae/STM32CubeIDE/workspace_1.17.0/The Buttoner/Core/Src/main.c_save
2024-12-23 15:42:06,790 [INFO] CodeEngine:279 - Generated code: /Users/mae/STM32CubeIDE/workspace_1.17.0/The Buttoner/Core/Src/main.c
2024-12-23 15:42:07,685 [INFO] ProjectBuilder:3289 - Time for Copy HAL[1] : 159mS.
2024-12-23 15:42:07,719 [INFO] ProjectBuilder:4876 - Project Generator version: 4.5.0-RC5
2024-12-23 15:42:07,889 [INFO] ConfigFileManager:1579 - The Die is : DIE493
2024-12-23 15:42:12,024 [INFO] ProjectBuilder:5154 - Time for Generating toolchain IDE Files: 4304mS.
2024-12-23 15:42:12,029 [INFO] ProjectBuilder:3146 - Time for Copy CMSIS : 0mS.
2024-12-23 15:42:12,033 [INFO] ProjectBuilder:3146 - Time for Copy CMSIS : 0mS.
2024-12-23 15:44:49,932 [INFO] RtosManager:922 - Current active RTOS is THREADX [Cortex-M0+NS]
2024-12-23 15:44:50,214 [WARN] IP:2251 - TX_ENABLE_RANDOM_NUMBER_STACK_FILLING not found: check if there is a RefParameter without a condition.
2024-12-23 15:44:50,214 [WARN] IP:2251 - TX_APP_CREATION not found: check if there is a RefParameter without a condition.
2024-12-23 15:44:50,214 [WARN] IP:2251 - TX_APP_THREAD_ENTRY not found: check if there is a RefParameter without a condition.
2024-12-23 15:44:50,214 [WARN] IP:2251 - TX_APP_THREAD_NAME not found: check if there is a RefParameter without a condition.
2024-12-23 15:44:50,214 [WARN] IP:2251 - TX_APP_THREAD_PRIO not found: check if there is a RefParameter without a condition.
2024-12-23 15:44:50,214 [WARN] IP:2251 - TX_APP_STACK_SIZE not found: check if there is a RefParameter without a condition.
2024-12-23 15:44:50,215 [WARN] IP:2251 - TX_APP_SEM_CREATION not found: check if there is a RefParameter without a condition.
2024-12-23 15:44:50,215 [WARN] IP:2251 - TX_SEMAPHORE_NAME not found: check if there is a RefParameter without a condition.
2024-12-23 15:44:50,215 [WARN] IP:2251 - TX_SEMAPHORE_COUNT not found: check if there is a RefParameter without a condition.
2024-12-23 15:44:50,215 [WARN] IP:2251 - TX_APP_MUTEX_CREATION not found: check if there is a RefParameter without a condition.
2024-12-23 15:44:50,215 [WARN] IP:2251 - TX_MUTEX_NAME not found: check if there is a RefParameter without a condition.
2024-12-23 15:44:50,215 [WARN] IP:2251 - TX_MUTEX_INHERITANCE not found: check if there is a RefParameter without a condition.
2024-12-23 15:44:50,215 [WARN] IP:2251 - TX_APP_MSG_QUEUE_CREATION not found: check if there is a RefParameter without a condition.
2024-12-23 15:44:50,215 [WARN] IP:2251 - TX_MSG_QUEUE_NAME not found: check if there is a RefParameter without a condition.
2024-12-23 15:44:50,215 [WARN] IP:2251 - TX_MSG_SIZE_WORDS not found: check if there is a RefParameter without a condition.
2024-12-23 15:44:50,215 [WARN] IP:2251 - TX_NB_MSG not found: check if there is a RefParameter without a condition.
2024-12-23 15:44:50,215 [WARN] IP:2251 - TX_BASEPRI_VALUE not found: check if there is a RefParameter without a condition.
2024-12-23 15:44:50,215 [WARN] IP:2251 - TX_PORT_BASEPRI_VALUE not found: check if there is a RefParameter without a condition.
2024-12-23 15:44:50,233 [WARN] IP:2251 - REG_UX_DEVICE_HID_MOUSE not found: check if there is a RefParameter without a condition.
2024-12-23 15:44:50,233 [WARN] IP:2251 - REG_UX_DEVICE_HID_CUSTOM not found: check if there is a RefParameter without a condition.
2024-12-23 15:44:50,233 [WARN] IP:2251 - REG_UX_DEVICE_STORAGE not found: check if there is a RefParameter without a condition.
2024-12-23 15:44:50,233 [WARN] IP:2251 - REG_UX_DEVICE_CDC_ACM not found: check if there is a RefParameter without a condition.
2024-12-23 15:44:50,233 [WARN] IP:2251 - REG_UX_DEVICE_CDC_ECM not found: check if there is a RefParameter without a condition.
2024-12-23 15:44:50,233 [WARN] IP:2251 - REG_UX_DEVICE_DFU not found: check if there is a RefParameter without a condition.
2024-12-23 15:44:50,233 [WARN] IP:2251 - REG_UX_DEVICE_RNDIS not found: check if there is a RefParameter without a condition.
2024-12-23 15:44:50,233 [WARN] IP:2251 - REG_UX_DEVICE_PIMA_MTP not found: check if there is a RefParameter without a condition.
2024-12-23 15:44:50,233 [WARN] IP:2251 - REG_UX_DEVICE_VIDEO not found: check if there is a RefParameter without a condition.
2024-12-23 15:44:50,234 [WARN] IP:2251 - REG_UX_DEVICE_CCID not found: check if there is a RefParameter without a condition.
2024-12-23 15:44:50,234 [WARN] IP:2251 - REG_UX_DEVICE_PRINTER not found: check if there is a RefParameter without a condition.
2024-12-23 15:44:50,234 [WARN] IP:2251 - UX_DEVICE_CLASS_HID_ZERO_COPY not found: check if there is a RefParameter without a condition.
2024-12-23 15:44:50,235 [WARN] IP:2251 - REG_UX_DEVICE_HID_MOUSE not found: check if there is a RefParameter without a condition.
2024-12-23 15:44:50,235 [WARN] IP:2251 - REG_UX_DEVICE_HID_CUSTOM not found: check if there is a RefParameter without a condition.
2024-12-23 15:44:50,235 [WARN] IP:2251 - REG_UX_DEVICE_STORAGE not found: check if there is a RefParameter without a condition.
2024-12-23 15:44:50,235 [WARN] IP:2251 - REG_UX_DEVICE_CDC_ACM not found: check if there is a RefParameter without a condition.
2024-12-23 15:44:50,235 [WARN] IP:2251 - REG_UX_DEVICE_CDC_ECM not found: check if there is a RefParameter without a condition.
2024-12-23 15:44:50,235 [WARN] IP:2251 - REG_UX_DEVICE_DFU not found: check if there is a RefParameter without a condition.
2024-12-23 15:44:50,235 [WARN] IP:2251 - REG_UX_DEVICE_RNDIS not found: check if there is a RefParameter without a condition.
2024-12-23 15:44:50,235 [WARN] IP:2251 - REG_UX_DEVICE_PIMA_MTP not found: check if there is a RefParameter without a condition.
2024-12-23 15:44:50,235 [WARN] IP:2251 - REG_UX_DEVICE_VIDEO not found: check if there is a RefParameter without a condition.
2024-12-23 15:44:50,235 [WARN] IP:2251 - REG_UX_DEVICE_CCID not found: check if there is a RefParameter without a condition.
2024-12-23 15:44:50,235 [WARN] IP:2251 - REG_UX_DEVICE_PRINTER not found: check if there is a RefParameter without a condition.
2024-12-23 15:44:50,236 [WARN] IP:2251 - UX_DEVICE_CLASS_HID_ZERO_COPY not found: check if there is a RefParameter without a condition.
2024-12-23 15:45:20,344 [WARN] IP:2251 - TX_ENABLE_RANDOM_NUMBER_STACK_FILLING not found: check if there is a RefParameter without a condition.
2024-12-23 15:45:20,359 [WARN] IP:2251 - TX_APP_CREATION not found: check if there is a RefParameter without a condition.
2024-12-23 15:45:20,362 [WARN] IP:2251 - TX_APP_THREAD_ENTRY not found: check if there is a RefParameter without a condition.
2024-12-23 15:45:20,362 [WARN] IP:2251 - TX_APP_THREAD_NAME not found: check if there is a RefParameter without a condition.
2024-12-23 15:45:20,362 [WARN] IP:2251 - TX_APP_THREAD_PRIO not found: check if there is a RefParameter without a condition.
2024-12-23 15:45:20,362 [WARN] IP:2251 - TX_APP_STACK_SIZE not found: check if there is a RefParameter without a condition.
2024-12-23 15:45:20,362 [WARN] IP:2251 - TX_APP_SEM_CREATION not found: check if there is a RefParameter without a condition.
2024-12-23 15:45:20,362 [WARN] IP:2251 - TX_SEMAPHORE_NAME not found: check if there is a RefParameter without a condition.
2024-12-23 15:45:20,362 [WARN] IP:2251 - TX_SEMAPHORE_COUNT not found: check if there is a RefParameter without a condition.
2024-12-23 15:45:20,362 [WARN] IP:2251 - TX_APP_MUTEX_CREATION not found: check if there is a RefParameter without a condition.
2024-12-23 15:45:20,362 [WARN] IP:2251 - TX_MUTEX_NAME not found: check if there is a RefParameter without a condition.
2024-12-23 15:45:20,362 [WARN] IP:2251 - TX_MUTEX_INHERITANCE not found: check if there is a RefParameter without a condition.
2024-12-23 15:45:20,362 [WARN] IP:2251 - TX_APP_MSG_QUEUE_CREATION not found: check if there is a RefParameter without a condition.
2024-12-23 15:45:20,362 [WARN] IP:2251 - TX_MSG_QUEUE_NAME not found: check if there is a RefParameter without a condition.
2024-12-23 15:45:20,362 [WARN] IP:2251 - TX_MSG_SIZE_WORDS not found: check if there is a RefParameter without a condition.
2024-12-23 15:45:20,362 [WARN] IP:2251 - TX_NB_MSG not found: check if there is a RefParameter without a condition.
2024-12-23 15:45:20,363 [WARN] IP:2251 - TX_BASEPRI_VALUE not found: check if there is a RefParameter without a condition.
2024-12-23 15:45:20,363 [WARN] IP:2251 - TX_PORT_BASEPRI_VALUE not found: check if there is a RefParameter without a condition.
2024-12-23 15:45:20,413 [WARN] IP:2251 - REG_UX_DEVICE_HID_MOUSE not found: check if there is a RefParameter without a condition.
2024-12-23 15:45:20,413 [WARN] IP:2251 - REG_UX_DEVICE_HID_CUSTOM not found: check if there is a RefParameter without a condition.
2024-12-23 15:45:20,414 [WARN] IP:2251 - REG_UX_DEVICE_STORAGE not found: check if there is a RefParameter without a condition.
2024-12-23 15:45:20,414 [WARN] IP:2251 - REG_UX_DEVICE_CDC_ACM not found: check if there is a RefParameter without a condition.
2024-12-23 15:45:20,414 [WARN] IP:2251 - REG_UX_DEVICE_CDC_ECM not found: check if there is a RefParameter without a condition.
2024-12-23 15:45:20,414 [WARN] IP:2251 - REG_UX_DEVICE_DFU not found: check if there is a RefParameter without a condition.
2024-12-23 15:45:20,414 [WARN] IP:2251 - REG_UX_DEVICE_RNDIS not found: check if there is a RefParameter without a condition.
2024-12-23 15:45:20,414 [WARN] IP:2251 - REG_UX_DEVICE_PIMA_MTP not found: check if there is a RefParameter without a condition.
2024-12-23 15:45:20,414 [WARN] IP:2251 - REG_UX_DEVICE_VIDEO not found: check if there is a RefParameter without a condition.
2024-12-23 15:45:20,414 [WARN] IP:2251 - REG_UX_DEVICE_CCID not found: check if there is a RefParameter without a condition.
2024-12-23 15:45:20,414 [WARN] IP:2251 - REG_UX_DEVICE_PRINTER not found: check if there is a RefParameter without a condition.
2024-12-23 15:45:20,414 [WARN] IP:2251 - UX_DEVICE_CLASS_HID_ZERO_COPY not found: check if there is a RefParameter without a condition.
2024-12-23 15:45:20,416 [WARN] IP:2251 - REG_UX_DEVICE_HID_MOUSE not found: check if there is a RefParameter without a condition.
2024-12-23 15:45:20,416 [WARN] IP:2251 - REG_UX_DEVICE_HID_CUSTOM not found: check if there is a RefParameter without a condition.
2024-12-23 15:45:20,416 [WARN] IP:2251 - REG_UX_DEVICE_STORAGE not found: check if there is a RefParameter without a condition.
2024-12-23 15:45:20,416 [WARN] IP:2251 - REG_UX_DEVICE_CDC_ACM not found: check if there is a RefParameter without a condition.
2024-12-23 15:45:20,416 [WARN] IP:2251 - REG_UX_DEVICE_CDC_ECM not found: check if there is a RefParameter without a condition.
2024-12-23 15:45:20,416 [WARN] IP:2251 - REG_UX_DEVICE_DFU not found: check if there is a RefParameter without a condition.
2024-12-23 15:45:20,416 [WARN] IP:2251 - REG_UX_DEVICE_RNDIS not found: check if there is a RefParameter without a condition.
2024-12-23 15:45:20,416 [WARN] IP:2251 - REG_UX_DEVICE_PIMA_MTP not found: check if there is a RefParameter without a condition.
2024-12-23 15:45:20,416 [WARN] IP:2251 - REG_UX_DEVICE_VIDEO not found: check if there is a RefParameter without a condition.
2024-12-23 15:45:20,416 [WARN] IP:2251 - REG_UX_DEVICE_CCID not found: check if there is a RefParameter without a condition.
2024-12-23 15:45:20,416 [WARN] IP:2251 - REG_UX_DEVICE_PRINTER not found: check if there is a RefParameter without a condition.
2024-12-23 15:45:20,417 [WARN] IP:2251 - UX_DEVICE_CLASS_HID_ZERO_COPY not found: check if there is a RefParameter without a condition.
2024-12-23 15:45:39,491 [INFO] UtilMem:75 - End SaveConfig() Used Memory: 517838208 Bytes (1048576000)
2024-12-23 15:45:39,924 [INFO] UtilMem:75 - End SaveConfig() Used Memory: 535132272 Bytes (1048576000)
2024-12-23 15:45:41,015 [INFO] UtilMem:75 - End SaveConfig() Used Memory: 597524592 Bytes (1048576000)
2024-12-23 15:45:41,217 [ERROR] IocParser:95 - Exception caught: null
2024-12-23 15:46:54,929 [INFO] NvicIntPanel:101 - NVIC parent = com.st.microxplorer.plugins.ip.nvic.MultiNvicIntPanel[,0,0,450x102,layout=javax.swing.BoxLayout,alignmentX=0.0,alignmentY=0.0,border=,flags=9,maximumSize=,minimumSize=,preferredSize=]
2024-12-23 15:48:23,832 [WARN] IP:2251 - TX_ENABLE_RANDOM_NUMBER_STACK_FILLING not found: check if there is a RefParameter without a condition.
2024-12-23 15:48:23,833 [WARN] IP:2251 - TX_APP_CREATION not found: check if there is a RefParameter without a condition.
2024-12-23 15:48:23,833 [WARN] IP:2251 - TX_APP_THREAD_ENTRY not found: check if there is a RefParameter without a condition.
2024-12-23 15:48:23,833 [WARN] IP:2251 - TX_APP_THREAD_NAME not found: check if there is a RefParameter without a condition.
2024-12-23 15:48:23,833 [WARN] IP:2251 - TX_APP_THREAD_PRIO not found: check if there is a RefParameter without a condition.
2024-12-23 15:48:23,833 [WARN] IP:2251 - TX_APP_STACK_SIZE not found: check if there is a RefParameter without a condition.
2024-12-23 15:48:23,834 [WARN] IP:2251 - TX_APP_SEM_CREATION not found: check if there is a RefParameter without a condition.
2024-12-23 15:48:23,834 [WARN] IP:2251 - TX_SEMAPHORE_NAME not found: check if there is a RefParameter without a condition.
2024-12-23 15:48:23,834 [WARN] IP:2251 - TX_SEMAPHORE_COUNT not found: check if there is a RefParameter without a condition.
2024-12-23 15:48:23,834 [WARN] IP:2251 - TX_APP_MUTEX_CREATION not found: check if there is a RefParameter without a condition.
2024-12-23 15:48:23,834 [WARN] IP:2251 - TX_MUTEX_NAME not found: check if there is a RefParameter without a condition.
2024-12-23 15:48:23,834 [WARN] IP:2251 - TX_MUTEX_INHERITANCE not found: check if there is a RefParameter without a condition.
2024-12-23 15:48:23,834 [WARN] IP:2251 - TX_APP_MSG_QUEUE_CREATION not found: check if there is a RefParameter without a condition.
2024-12-23 15:48:23,834 [WARN] IP:2251 - TX_MSG_QUEUE_NAME not found: check if there is a RefParameter without a condition.
2024-12-23 15:48:23,834 [WARN] IP:2251 - TX_MSG_SIZE_WORDS not found: check if there is a RefParameter without a condition.
2024-12-23 15:48:23,834 [WARN] IP:2251 - TX_NB_MSG not found: check if there is a RefParameter without a condition.
2024-12-23 15:48:23,834 [WARN] IP:2251 - TX_BASEPRI_VALUE not found: check if there is a RefParameter without a condition.
2024-12-23 15:48:23,834 [WARN] IP:2251 - TX_PORT_BASEPRI_VALUE not found: check if there is a RefParameter without a condition.
2024-12-23 15:48:25,241 [INFO] RtosManager:933 - There is no active RTOS [Cortex-M0+NS]
2024-12-23 15:48:25,480 [WARN] IP:2251 - REG_UX_DEVICE_HID_MOUSE not found: check if there is a RefParameter without a condition.
2024-12-23 15:48:25,480 [WARN] IP:2251 - REG_UX_DEVICE_HID_CUSTOM not found: check if there is a RefParameter without a condition.
2024-12-23 15:48:25,480 [WARN] IP:2251 - REG_UX_DEVICE_STORAGE not found: check if there is a RefParameter without a condition.
2024-12-23 15:48:25,480 [WARN] IP:2251 - REG_UX_DEVICE_CDC_ACM not found: check if there is a RefParameter without a condition.
2024-12-23 15:48:25,480 [WARN] IP:2251 - REG_UX_DEVICE_CDC_ECM not found: check if there is a RefParameter without a condition.
2024-12-23 15:48:25,480 [WARN] IP:2251 - REG_UX_DEVICE_DFU not found: check if there is a RefParameter without a condition.
2024-12-23 15:48:25,480 [WARN] IP:2251 - REG_UX_DEVICE_RNDIS not found: check if there is a RefParameter without a condition.
2024-12-23 15:48:25,480 [WARN] IP:2251 - REG_UX_DEVICE_PIMA_MTP not found: check if there is a RefParameter without a condition.
2024-12-23 15:48:25,480 [WARN] IP:2251 - REG_UX_DEVICE_VIDEO not found: check if there is a RefParameter without a condition.
2024-12-23 15:48:25,480 [WARN] IP:2251 - REG_UX_DEVICE_CCID not found: check if there is a RefParameter without a condition.
2024-12-23 15:48:25,480 [WARN] IP:2251 - REG_UX_DEVICE_PRINTER not found: check if there is a RefParameter without a condition.
2024-12-23 15:48:25,480 [WARN] IP:2251 - UX_DEVICE_CLASS_HID_ZERO_COPY not found: check if there is a RefParameter without a condition.
2024-12-23 15:48:25,481 [WARN] IP:2251 - REG_UX_DEVICE_HID_MOUSE not found: check if there is a RefParameter without a condition.
2024-12-23 15:48:25,481 [WARN] IP:2251 - REG_UX_DEVICE_HID_CUSTOM not found: check if there is a RefParameter without a condition.
2024-12-23 15:48:25,482 [WARN] IP:2251 - REG_UX_DEVICE_STORAGE not found: check if there is a RefParameter without a condition.
2024-12-23 15:48:25,482 [WARN] IP:2251 - REG_UX_DEVICE_CDC_ACM not found: check if there is a RefParameter without a condition.
2024-12-23 15:48:25,482 [WARN] IP:2251 - REG_UX_DEVICE_CDC_ECM not found: check if there is a RefParameter without a condition.
2024-12-23 15:48:25,482 [WARN] IP:2251 - REG_UX_DEVICE_DFU not found: check if there is a RefParameter without a condition.
2024-12-23 15:48:25,482 [WARN] IP:2251 - REG_UX_DEVICE_RNDIS not found: check if there is a RefParameter without a condition.
2024-12-23 15:48:25,482 [WARN] IP:2251 - REG_UX_DEVICE_PIMA_MTP not found: check if there is a RefParameter without a condition.
2024-12-23 15:48:25,482 [WARN] IP:2251 - REG_UX_DEVICE_VIDEO not found: check if there is a RefParameter without a condition.
2024-12-23 15:48:25,482 [WARN] IP:2251 - REG_UX_DEVICE_CCID not found: check if there is a RefParameter without a condition.
2024-12-23 15:48:25,482 [WARN] IP:2251 - REG_UX_DEVICE_PRINTER not found: check if there is a RefParameter without a condition.
2024-12-23 15:48:25,482 [WARN] IP:2251 - UX_DEVICE_CLASS_HID_ZERO_COPY not found: check if there is a RefParameter without a condition.
2024-12-23 15:48:26,812 [WARN] IpParametersView:154 - Warning: This peripheral hasn't parameters
2024-12-23 15:48:26,815 [WARN] IP:2251 - REG_UX_DEVICE_HID_MOUSE not found: check if there is a RefParameter without a condition.
2024-12-23 15:48:26,816 [WARN] IP:2251 - REG_UX_DEVICE_HID_CUSTOM not found: check if there is a RefParameter without a condition.
2024-12-23 15:48:26,816 [WARN] IP:2251 - REG_UX_DEVICE_STORAGE not found: check if there is a RefParameter without a condition.
2024-12-23 15:48:26,816 [WARN] IP:2251 - REG_UX_DEVICE_CDC_ACM not found: check if there is a RefParameter without a condition.
2024-12-23 15:48:26,816 [WARN] IP:2251 - REG_UX_DEVICE_CDC_ECM not found: check if there is a RefParameter without a condition.
2024-12-23 15:48:26,816 [WARN] IP:2251 - REG_UX_DEVICE_DFU not found: check if there is a RefParameter without a condition.
2024-12-23 15:48:26,816 [WARN] IP:2251 - REG_UX_DEVICE_RNDIS not found: check if there is a RefParameter without a condition.
2024-12-23 15:48:26,816 [WARN] IP:2251 - REG_UX_DEVICE_PIMA_MTP not found: check if there is a RefParameter without a condition.
2024-12-23 15:48:26,816 [WARN] IP:2251 - REG_UX_DEVICE_VIDEO not found: check if there is a RefParameter without a condition.
2024-12-23 15:48:26,816 [WARN] IP:2251 - REG_UX_DEVICE_CCID not found: check if there is a RefParameter without a condition.
2024-12-23 15:48:26,816 [WARN] IP:2251 - REG_UX_DEVICE_PRINTER not found: check if there is a RefParameter without a condition.
2024-12-23 15:48:26,816 [WARN] IP:2251 - UX_DEVICE_CLASS_HID_ZERO_COPY not found: check if there is a RefParameter without a condition.
2024-12-23 15:48:36,670 [INFO] UtilMem:75 - End SaveConfig() Used Memory: 957120064 Bytes (1048576000)
2024-12-23 15:48:36,792 [INFO] UtilMem:75 - End SaveConfig() Used Memory: 971800128 Bytes (1048576000)
2024-12-23 15:48:37,445 [INFO] UtilMem:75 - End SaveConfig() Used Memory: 356034816 Bytes (1048576000)
2024-12-23 15:48:38,997 [ERROR] IocParser:95 - Exception caught: null
2024-12-23 15:48:39,230 [INFO] BlockDiagram:2766 - set Specific Code input for plugin: NVIC
2024-12-23 15:48:39,233 [INFO] BlockDiagram:2766 - set Specific Code input for plugin: USART
2024-12-23 15:48:39,233 [INFO] BlockDiagram:2766 - set Specific Code input for plugin: NUCLEO-C071RB
2024-12-23 15:48:39,233 [INFO] BlockDiagram:2766 - set Specific Code input for plugin: USB
2024-12-23 15:48:39,233 [INFO] BlockDiagram:2766 - set Specific Code input for plugin: SYS
2024-12-23 15:48:39,233 [INFO] BlockDiagram:2766 - set Specific Code input for plugin: DEBUG
2024-12-23 15:48:39,235 [INFO] BlockDiagram:2766 - set Specific Code input for plugin: GPIO
2024-12-23 15:48:39,236 [INFO] BlockDiagram:2766 - set Specific Code input for plugin: RCC
2024-12-23 15:48:39,240 [INFO] CodeGenerator:896 - code generatio: config db path: /Applications/STM32CubeIDE.app/Contents/Eclipse/plugins/com.st.stm32cube.common.mx_6.13.0.202411220809//db/
2024-12-23 15:48:39,471 [INFO] CodeEngine:255 - oldGeneratedFile, /Users/mae/STM32CubeIDE/workspace_1.17.0/The Buttoner/MXTmpFiles/license.tmp_save
2024-12-23 15:48:39,607 [INFO] CodeEngine:279 - Generated code: /Users/mae/STM32CubeIDE/workspace_1.17.0/The Buttoner/MXTmpFiles/license.tmp
2024-12-23 15:48:39,746 [INFO] CodeEngine:255 - oldGeneratedFile, /Users/mae/STM32CubeIDE/workspace_1.17.0/The Buttoner/MXTmpFiles/gpio.tmp_save
2024-12-23 15:48:39,842 [INFO] CodeEngine:279 - Generated code: /Users/mae/STM32CubeIDE/workspace_1.17.0/The Buttoner/MXTmpFiles/gpio.tmp
2024-12-23 15:48:39,965 [WARN] IPConfigManager:98 - WARNING: Missing Config File for DEBUG ip!!
2024-12-23 15:48:40,528 [INFO] CodeEngine:255 - oldGeneratedFile, /Users/mae/STM32CubeIDE/workspace_1.17.0/The Buttoner/MXTmpFiles/cortex.tmp_save
2024-12-23 15:48:40,589 [INFO] CodeEngine:279 - Generated code: /Users/mae/STM32CubeIDE/workspace_1.17.0/The Buttoner/MXTmpFiles/cortex.tmp
2024-12-23 15:48:40,644 [INFO] CodeEngine:255 - oldGeneratedFile, /Users/mae/STM32CubeIDE/workspace_1.17.0/The Buttoner/Core/Inc/stm32c0xx_nucleo_conf.h_save
2024-12-23 15:48:40,700 [INFO] CodeEngine:279 - Generated code: /Users/mae/STM32CubeIDE/workspace_1.17.0/The Buttoner/Core/Inc/stm32c0xx_nucleo_conf.h
2024-12-23 15:48:40,701 [INFO] CodeEngine:255 - oldGeneratedFile, /Users/mae/STM32CubeIDE/workspace_1.17.0/The Buttoner/MXTmpFiles/bsp_inc.tmp_save
2024-12-23 15:48:40,749 [INFO] CodeEngine:279 - Generated code: /Users/mae/STM32CubeIDE/workspace_1.17.0/The Buttoner/MXTmpFiles/bsp_inc.tmp
2024-12-23 15:48:40,751 [INFO] CodeEngine:255 - oldGeneratedFile, /Users/mae/STM32CubeIDE/workspace_1.17.0/The Buttoner/MXTmpFiles/bsp_common_vars.tmp_save
2024-12-23 15:48:40,803 [INFO] CodeEngine:279 - Generated code: /Users/mae/STM32CubeIDE/workspace_1.17.0/The Buttoner/MXTmpFiles/bsp_common_vars.tmp
2024-12-23 15:48:40,806 [INFO] CodeEngine:255 - oldGeneratedFile, /Users/mae/STM32CubeIDE/workspace_1.17.0/The Buttoner/MXTmpFiles/bsp_common_init.tmp_save
2024-12-23 15:48:40,857 [INFO] CodeEngine:279 - Generated code: /Users/mae/STM32CubeIDE/workspace_1.17.0/The Buttoner/MXTmpFiles/bsp_common_init.tmp
2024-12-23 15:48:40,860 [INFO] CodeEngine:255 - oldGeneratedFile, /Users/mae/STM32CubeIDE/workspace_1.17.0/The Buttoner/MXTmpFiles/bsp_common_demo_before_while.tmp_save
2024-12-23 15:48:40,906 [INFO] CodeEngine:279 - Generated code: /Users/mae/STM32CubeIDE/workspace_1.17.0/The Buttoner/MXTmpFiles/bsp_common_demo_before_while.tmp
2024-12-23 15:48:40,911 [INFO] CodeEngine:255 - oldGeneratedFile, /Users/mae/STM32CubeIDE/workspace_1.17.0/The Buttoner/MXTmpFiles/bsp_common_demo_inside_while.tmp_save
2024-12-23 15:48:40,966 [INFO] CodeEngine:279 - Generated code: /Users/mae/STM32CubeIDE/workspace_1.17.0/The Buttoner/MXTmpFiles/bsp_common_demo_inside_while.tmp
2024-12-23 15:48:40,967 [INFO] CodeEngine:255 - oldGeneratedFile, /Users/mae/STM32CubeIDE/workspace_1.17.0/The Buttoner/MXTmpFiles/bsp_common_demo_fct.tmp_save
2024-12-23 15:48:41,012 [INFO] CodeEngine:279 - Generated code: /Users/mae/STM32CubeIDE/workspace_1.17.0/The Buttoner/MXTmpFiles/bsp_common_demo_fct.tmp
2024-12-23 15:48:41,018 [INFO] CodeEngine:255 - oldGeneratedFile, /Users/mae/STM32CubeIDE/workspace_1.17.0/The Buttoner/Core/Src/stm32c0xx_it.c_save
2024-12-23 15:48:41,088 [INFO] CodeEngine:279 - Generated code: /Users/mae/STM32CubeIDE/workspace_1.17.0/The Buttoner/Core/Src/stm32c0xx_it.c
2024-12-23 15:48:41,090 [INFO] CodeEngine:255 - oldGeneratedFile, /Users/mae/STM32CubeIDE/workspace_1.17.0/The Buttoner/Core/Inc/stm32c0xx_it.h_save
2024-12-23 15:48:41,144 [INFO] CodeEngine:279 - Generated code: /Users/mae/STM32CubeIDE/workspace_1.17.0/The Buttoner/Core/Inc/stm32c0xx_it.h
2024-12-23 15:48:41,251 [INFO] CodeEngine:255 - oldGeneratedFile, /Users/mae/STM32CubeIDE/workspace_1.17.0/The Buttoner/Core/Src/stm32c0xx_hal_msp.c_save
2024-12-23 15:48:41,362 [INFO] CodeEngine:279 - Generated code: /Users/mae/STM32CubeIDE/workspace_1.17.0/The Buttoner/Core/Src/stm32c0xx_hal_msp.c
2024-12-23 15:48:41,363 [INFO] CodeEngine:255 - oldGeneratedFile, /Users/mae/STM32CubeIDE/workspace_1.17.0/The Buttoner/MXTmpFiles/system.tmp_save
2024-12-23 15:48:41,418 [INFO] CodeEngine:279 - Generated code: /Users/mae/STM32CubeIDE/workspace_1.17.0/The Buttoner/MXTmpFiles/system.tmp
2024-12-23 15:48:41,425 [INFO] CodeEngine:311 - oldGeneratedFile, /Users/mae/STM32CubeIDE/workspace_1.17.0/The Buttoner/Core/Inc/stm32c0xx_hal_conf.h_save
2024-12-23 15:48:41,518 [INFO] CodeEngine:335 - Generated code: /Users/mae/STM32CubeIDE/workspace_1.17.0/The Buttoner/Core/Inc/stm32c0xx_hal_conf.h
2024-12-23 15:48:41,527 [WARN] IPConfigManager:3034 - Warning: the RefConfig RCC_PClockConfig is not available in your config.xml file
2024-12-23 15:48:41,529 [WARN] IPConfigManager:3034 - Warning: the RefConfig RCC_interrupt_Time_SYSTICK_Config is not available in your config.xml file
2024-12-23 15:48:41,540 [INFO] CodeEngine:255 - oldGeneratedFile, /Users/mae/STM32CubeIDE/workspace_1.17.0/The Buttoner/Core/Inc/main.h_save
2024-12-23 15:48:41,599 [INFO] CodeEngine:279 - Generated code: /Users/mae/STM32CubeIDE/workspace_1.17.0/The Buttoner/Core/Inc/main.h
2024-12-23 15:48:41,600 [INFO] CodeEngine:255 - oldGeneratedFile, /Users/mae/STM32CubeIDE/workspace_1.17.0/The Buttoner/Core/Src/main.c_save
2024-12-23 15:48:41,704 [INFO] CodeEngine:279 - Generated code: /Users/mae/STM32CubeIDE/workspace_1.17.0/The Buttoner/Core/Src/main.c
2024-12-23 15:48:41,974 [INFO] ProjectBuilder:3289 - Time for Copy HAL[1] : 106mS.
2024-12-23 15:48:41,979 [INFO] ProjectBuilder:4876 - Project Generator version: 4.5.0-RC5
2024-12-23 15:48:42,070 [INFO] ConfigFileManager:1579 - The Die is : DIE493
2024-12-23 15:48:46,601 [INFO] ProjectBuilder:5154 - Time for Generating toolchain IDE Files: 4609mS.
2024-12-23 15:48:46,619 [INFO] ProjectBuilder:3146 - Time for Copy CMSIS : 1mS.
2024-12-23 15:48:46,669 [INFO] ProjectBuilder:3146 - Time for Copy CMSIS : 1mS.
